SF:lib/app/cubit/app_cubit.dart
DA:7,1
DA:8,1
DA:11,1
DA:13,1
DA:14,1
DA:16,1
DA:17,3
DA:18,1
DA:20,1
DA:21,3
DA:22,1
DA:23,1
DA:26,1
DA:28,1
DA:29,2
DA:30,2
DA:36,1
DA:37,4
DA:40,1
DA:41,4
LF:20
LH:20
end_of_record
SF:lib/app/cubit/app_state.dart
DA:9,4
DA:11,1
DA:12,3
LF:3
LH:3
end_of_record
SF:lib/enum/app_languages.dart
DA:1,3
LF:1
LH:1
end_of_record
SF:lib/enum/app_theme.dart
DA:1,3
LF:1
LH:1
end_of_record
SF:lib/enum/env.dart
DA:1,1
LF:1
LH:1
end_of_record
SF:lib/env/env.dart
DA:6,0
DA:8,0
DA:11,0
DA:18,1
DA:20,1
DA:22,1
DA:24,1
LF:7
LH:4
end_of_record
SF:lib/app/view/app.dart
DA:13,0
DA:15,0
DA:16,0
DA:20,0
DA:22,0
DA:23,0
DA:24,0
DA:25,0
DA:27,0
DA:30,0
DA:31,0
DA:32,0
DA:33,0
DA:34,0
DA:35,0
DA:36,0
DA:39,0
DA:46,0
DA:48,0
DA:49,0
DA:50,0
DA:54,0
DA:55,0
LF:23
LH:0
end_of_record
SF:lib/generated/l10n.dart
DA:16,0
DA:20,0
DA:21,0
DA:28,0
DA:29,0
DA:30,0
DA:31,0
DA:32,0
DA:33,0
DA:34,0
DA:35,0
DA:42,0
DA:43,0
DA:44,0
DA:49,0
DA:50,0
DA:54,0
DA:55,0
DA:59,0
DA:64,0
DA:65,0
DA:69,0
DA:74,0
DA:75,0
DA:79,0
DA:85,1
DA:87,0
DA:94,0
DA:95,0
DA:96,0
DA:97,0
DA:98,0
DA:101,0
DA:102,0
DA:103,0
LF:35
LH:1
end_of_record
SF:lib/router/router.dart
DA:8,0
DA:15,0
DA:16,0
DA:18,0
DA:21,0
DA:23,0
DA:26,0
DA:28,0
DA:29,0
DA:32,0
DA:33,0
LF:11
LH:0
end_of_record
SF:lib/theme/app_themes.dart
DA:4,0
DA:5,0
DA:9,0
DA:13,0
LF:4
LH:0
end_of_record
SF:lib/utils/locale_utitls.dart
DA:4,0
DA:5,0
LF:2
LH:0
end_of_record
SF:lib/feature/landing/view/landing_page.dart
DA:8,1
DA:10,0
LF:2
LH:1
end_of_record
SF:lib/feature/landing/view/landing_page_desktop.dart
DA:10,1
DA:12,0
DA:14,0
DA:15,0
DA:16,0
DA:17,0
DA:18,0
DA:20,0
DA:21,0
DA:22,0
DA:23,0
DA:24,0
DA:25,0
DA:26,0
DA:27,0
DA:28,0
DA:29,0
DA:30,0
DA:31,0
DA:32,0
DA:33,0
DA:40,0
DA:41,0
LF:23
LH:1
end_of_record
SF:lib/feature/landing/view/landing_page_mobile.dart
DA:10,1
DA:12,0
DA:14,0
DA:15,0
DA:16,0
DA:17,0
DA:18,0
DA:20,0
DA:21,0
DA:22,0
DA:23,0
DA:24,0
DA:25,0
DA:26,0
DA:27,0
DA:28,0
DA:29,0
DA:30,0
DA:31,0
DA:32,0
DA:33,0
DA:40,0
DA:41,0
LF:23
LH:1
end_of_record
SF:lib/feature/landing/view/landing_page_tablet.dart
DA:10,1
DA:12,0
DA:14,0
DA:15,0
DA:16,0
DA:17,0
DA:18,0
DA:20,0
DA:21,0
DA:22,0
DA:23,0
DA:24,0
DA:25,0
DA:26,0
DA:27,0
DA:28,0
DA:29,0
DA:30,0
DA:31,0
DA:32,0
DA:33,0
DA:40,0
DA:41,0
LF:23
LH:1
end_of_record
SF:lib/widget/responsive/responsive_page.dart
DA:10,2
DA:16,0
DA:18,0
DA:20,0
DA:21,0
DA:22,0
DA:23,0
DA:24,0
DA:25,0
DA:26,0
DA:27,0
DA:28,0
DA:29,0
DA:31,0
LF:14
LH:1
end_of_record
SF:lib/feature/settings/view/settings_page.dart
DA:8,1
DA:10,0
LF:2
LH:1
end_of_record
SF:lib/feature/settings/view/settings_page_desktop.dart
DA:12,1
DA:14,0
DA:16,0
DA:17,0
DA:18,0
DA:19,0
DA:21,0
DA:22,0
DA:23,0
DA:25,0
DA:26,0
DA:28,0
DA:29,0
DA:30,0
DA:31,0
DA:33,0
DA:34,0
DA:35,0
DA:37,0
DA:38,0
DA:39,0
DA:41,0
DA:42,0
DA:43,0
DA:45,0
DA:46,0
DA:47,0
DA:56,0
DA:57,0
DA:60,0
DA:61,0
LF:31
LH:1
end_of_record
SF:lib/feature/settings/view/settings_page_mobile.dart
DA:12,1
DA:14,0
DA:16,0
DA:17,0
DA:18,0
DA:19,0
DA:21,0
DA:22,0
DA:23,0
DA:25,0
DA:26,0
DA:28,0
DA:29,0
DA:30,0
DA:31,0
DA:33,0
DA:34,0
DA:35,0
DA:37,0
DA:38,0
DA:39,0
DA:41,0
DA:42,0
DA:43,0
DA:45,0
DA:46,0
DA:47,0
DA:56,0
DA:57,0
DA:60,0
DA:61,0
LF:31
LH:1
end_of_record
SF:lib/feature/settings/view/settings_page_tablet.dart
DA:12,1
DA:14,0
DA:16,0
DA:17,0
DA:18,0
DA:19,0
DA:21,0
DA:22,0
DA:23,0
DA:25,0
DA:26,0
DA:27,0
DA:28,0
DA:29,0
DA:30,0
DA:32,0
DA:33,0
DA:34,0
DA:36,0
DA:37,0
DA:38,0
DA:40,0
DA:41,0
DA:42,0
DA:44,0
DA:45,0
DA:46,0
DA:55,0
DA:56,0
DA:59,0
DA:60,0
LF:31
LH:1
end_of_record
SF:lib/generated/intl/messages_all.dart
DA:22,0
DA:23,0
DA:24,0
DA:27,0
DA:29,0
DA:30,0
DA:31,0
DA:32,0
DA:39,0
DA:40,0
DA:41,0
DA:42,0
DA:44,0
DA:46,0
DA:47,0
DA:48,0
DA:49,0
DA:50,0
DA:53,0
DA:55,0
DA:61,0
DA:63,0
DA:65,0
LF:23
LH:0
end_of_record
SF:lib/generated/intl/messages_en.dart
DA:16,0
DA:21,0
DA:24,0
DA:25,0
DA:26,0
DA:27,0
LF:6
LH:0
end_of_record
SF:lib/generated/intl/messages_vi.dart
DA:16,0
DA:21,0
DA:24,0
DA:25,0
DA:26,0
DA:27,0
LF:6
LH:0
end_of_record
